<?xml version="1.0" encoding="UTF-8"?>
<testng-results ignored="0" total="2" passed="2" failed="0" skipped="0">
  <reporter-output>
  </reporter-output>
  <suite started-at="2024-07-24T16:39:03 IST" name="Suite" finished-at="2024-07-24T16:39:17 IST" duration-ms="14042">
    <groups>
      <group name="Master">
        <method signature="TC_001_AccountRegistration.verify_account_registration()[pri:0, instance:testcases.TC_001_AccountRegistration@3b2c0e88]" name="verify_account_registration" class="testcases.TC_001_AccountRegistration"/>
        <method signature="TC_002_MyLoginPage.verify_Login()[pri:0, instance:testcases.TC_002_MyLoginPage@476b0ae6]" name="verify_Login" class="testcases.TC_002_MyLoginPage"/>
      </group> <!-- Master -->
      <group name="Sanity">
        <method signature="TC_002_MyLoginPage.verify_Login()[pri:0, instance:testcases.TC_002_MyLoginPage@476b0ae6]" name="verify_Login" class="testcases.TC_002_MyLoginPage"/>
      </group> <!-- Sanity -->
      <group name="Regression">
        <method signature="TC_001_AccountRegistration.verify_account_registration()[pri:0, instance:testcases.TC_001_AccountRegistration@3b2c0e88]" name="verify_account_registration" class="testcases.TC_001_AccountRegistration"/>
      </group> <!-- Regression -->
    </groups>
    <test started-at="2024-07-24T16:39:03 IST" name="Test" finished-at="2024-07-24T16:39:17 IST" duration-ms="14042">
      <class name="testcases.TC_001_AccountRegistration">
        <test-method is-config="true" signature="setup(java.lang.String,java.lang.String)[pri:0, instance:testcases.TC_001_AccountRegistration@3b2c0e88]" started-at="2024-07-24T16:39:03 IST" name="setup" finished-at="2024-07-24T16:39:07 IST" duration-ms="4271" status="PASS">
          <params>
            <param index="0">
              <value>
                <![CDATA[window]]>
              </value>
            </param>
            <param index="1">
              <value>
                <![CDATA[chrome]]>
              </value>
            </param>
          </params>
          <reporter-output>
          </reporter-output>
        </test-method> <!-- setup -->
        <test-method signature="verify_account_registration()[pri:0, instance:testcases.TC_001_AccountRegistration@3b2c0e88]" started-at="2024-07-24T16:39:07 IST" name="verify_account_registration" finished-at="2024-07-24T16:39:11 IST" duration-ms="3504" status="PASS">
          <reporter-output>
          </reporter-output>
        </test-method> <!-- verify_account_registration -->
        <test-method is-config="true" signature="testdown()[pri:0, instance:testcases.TC_001_AccountRegistration@3b2c0e88]" started-at="2024-07-24T16:39:11 IST" name="testdown" finished-at="2024-07-24T16:39:11 IST" duration-ms="338" status="PASS">
          <reporter-output>
          </reporter-output>
        </test-method> <!-- testdown -->
      </class> <!-- testcases.TC_001_AccountRegistration -->
      <class name="testcases.TC_002_MyLoginPage">
        <test-method is-config="true" signature="setup(java.lang.String,java.lang.String)[pri:0, instance:testcases.TC_002_MyLoginPage@476b0ae6]" started-at="2024-07-24T16:39:11 IST" name="setup" finished-at="2024-07-24T16:39:14 IST" duration-ms="2923" status="PASS">
          <params>
            <param index="0">
              <value>
                <![CDATA[window]]>
              </value>
            </param>
            <param index="1">
              <value>
                <![CDATA[chrome]]>
              </value>
            </param>
          </params>
          <reporter-output>
          </reporter-output>
        </test-method> <!-- setup -->
        <test-method signature="verify_Login()[pri:0, instance:testcases.TC_002_MyLoginPage@476b0ae6]" started-at="2024-07-24T16:39:14 IST" name="verify_Login" finished-at="2024-07-24T16:39:17 IST" duration-ms="2284" status="PASS">
          <reporter-output>
          </reporter-output>
        </test-method> <!-- verify_Login -->
        <test-method is-config="true" signature="testdown()[pri:0, instance:testcases.TC_002_MyLoginPage@476b0ae6]" started-at="2024-07-24T16:39:17 IST" name="testdown" finished-at="2024-07-24T16:39:17 IST" duration-ms="318" status="PASS">
          <reporter-output>
          </reporter-output>
        </test-method> <!-- testdown -->
      </class> <!-- testcases.TC_002_MyLoginPage -->
    </test> <!-- Test -->
  </suite> <!-- Suite -->
</testng-results>
